<?xml version="1.0" encoding="UTF-8"?>
<robot generator="Robot 3.0.4 (Python 3.6.5 on win32)" generated="20181205 17:10:43.499">
<suite id="s1" name="Test Travel Register" source="C:\Automation\TravelAgency\testcases\Test_Travel_Register.robot">
<kw name="Open Register Page" library="resource" type="setup">
<kw name="Open Browser" library="Selenium2Library">
<doc>Opens a new browser instance to the given ``url``.</doc>
<arguments>
<arg>${REGISTER URL}</arg>
<arg>${BROWSER}</arg>
</arguments>
<msg timestamp="20181205 17:10:43.936" level="INFO">Opening browser 'Chrome' to base url 'http://blazedemo.com/index.php/register'.</msg>
<status status="PASS" starttime="20181205 17:10:43.936" endtime="20181205 17:10:47.762"></status>
</kw>
<kw name="Set Selenium Speed" library="Selenium2Library">
<doc>Sets the delay that is waited after each Selenium command.</doc>
<arguments>
<arg>${DELAY}</arg>
</arguments>
<status status="PASS" starttime="20181205 17:10:47.762" endtime="20181205 17:10:47.763"></status>
</kw>
<status status="PASS" starttime="20181205 17:10:43.935" endtime="20181205 17:10:47.763"></status>
</kw>
<test id="s1-t1" name="Case1">
<kw name="Fill Register Form">
<arguments>
<arg>Martin Leclair</arg>
<arg>CGI</arg>
<arg>martin.leclair@gmail.com</arg>
<arg>blueberry</arg>
<arg>blueberry</arg>
</arguments>
<kw name="Enter Register Name" library="resource">
<arguments>
<arg>${nameRegister}</arg>
</arguments>
<kw name="Input Text" library="Selenium2Library">
<doc>Types the given ``text`` into text field identified by ``locator``.</doc>
<arguments>
<arg>name</arg>
<arg>${nameRegister}</arg>
</arguments>
<msg timestamp="20181205 17:10:47.766" level="INFO">Typing text 'Martin Leclair' into text field 'name'.</msg>
<status status="PASS" starttime="20181205 17:10:47.765" endtime="20181205 17:10:48.009"></status>
</kw>
<status status="PASS" starttime="20181205 17:10:47.765" endtime="20181205 17:10:48.009"></status>
</kw>
<kw name="Enter Company Name" library="resource">
<arguments>
<arg>${companyName}</arg>
</arguments>
<kw name="Input Text" library="Selenium2Library">
<doc>Types the given ``text`` into text field identified by ``locator``.</doc>
<arguments>
<arg>company</arg>
<arg>${companyName}</arg>
</arguments>
<msg timestamp="20181205 17:10:48.010" level="INFO">Typing text 'CGI' into text field 'company'.</msg>
<status status="PASS" starttime="20181205 17:10:48.010" endtime="20181205 17:10:48.146"></status>
</kw>
<status status="PASS" starttime="20181205 17:10:48.009" endtime="20181205 17:10:48.146"></status>
</kw>
<kw name="Enter Email Name" library="resource">
<arguments>
<arg>${email}</arg>
</arguments>
<kw name="Input Text" library="Selenium2Library">
<doc>Types the given ``text`` into text field identified by ``locator``.</doc>
<arguments>
<arg>email</arg>
<arg>${email}</arg>
</arguments>
<msg timestamp="20181205 17:10:48.148" level="INFO">Typing text 'martin.leclair@gmail.com' into text field 'email'.</msg>
<status status="PASS" starttime="20181205 17:10:48.148" endtime="20181205 17:10:48.395"></status>
</kw>
<status status="PASS" starttime="20181205 17:10:48.147" endtime="20181205 17:10:48.395"></status>
</kw>
<kw name="Enter Password" library="resource">
<arguments>
<arg>${password}</arg>
</arguments>
<kw name="Input Text" library="Selenium2Library">
<doc>Types the given ``text`` into text field identified by ``locator``.</doc>
<arguments>
<arg>password</arg>
<arg>${password}</arg>
</arguments>
<msg timestamp="20181205 17:10:48.398" level="INFO">Typing text 'blueberry' into text field 'password'.</msg>
<status status="PASS" starttime="20181205 17:10:48.397" endtime="20181205 17:10:48.542"></status>
</kw>
<status status="PASS" starttime="20181205 17:10:48.396" endtime="20181205 17:10:48.542"></status>
</kw>
<kw name="Enter Confirm Password" library="resource">
<arguments>
<arg>${passwordConfirmed}</arg>
</arguments>
<kw name="Input Text" library="Selenium2Library">
<doc>Types the given ``text`` into text field identified by ``locator``.</doc>
<arguments>
<arg>password-confirm</arg>
<arg>${passwordConfirmed}</arg>
</arguments>
<msg timestamp="20181205 17:10:48.543" level="INFO">Typing text 'blueberry' into text field 'password-confirm'.</msg>
<status status="PASS" starttime="20181205 17:10:48.543" endtime="20181205 17:10:48.704"></status>
</kw>
<status status="PASS" starttime="20181205 17:10:48.542" endtime="20181205 17:10:48.704"></status>
</kw>
<kw name="Click Register" library="resource">
<kw name="Click Element" library="Selenium2Library">
<doc>Click element identified by ``locator``.</doc>
<arguments>
<arg>${register_BTN}</arg>
</arguments>
<msg timestamp="20181205 17:10:48.706" level="INFO">Clicking element '//button[@class="btn btn-primary"]'.</msg>
<status status="PASS" starttime="20181205 17:10:48.705" endtime="20181205 17:10:49.563"></status>
</kw>
<status status="PASS" starttime="20181205 17:10:48.705" endtime="20181205 17:10:49.564"></status>
</kw>
<kw name="Capture Page Screenshot" library="Selenium2Library">
<doc>Takes screenshot of the current page and embeds it into log file.</doc>
<msg timestamp="20181205 17:10:49.882" level="INFO" html="yes">&lt;/td&gt;&lt;/tr&gt;&lt;tr&gt;&lt;td colspan="3"&gt;&lt;a href="selenium-screenshot-7.png"&gt;&lt;img src="selenium-screenshot-7.png" width="800px"&gt;&lt;/a&gt;</msg>
<status status="PASS" starttime="20181205 17:10:49.564" endtime="20181205 17:10:49.882"></status>
</kw>
<status status="PASS" starttime="20181205 17:10:47.764" endtime="20181205 17:10:49.882"></status>
</kw>
<status status="PASS" starttime="20181205 17:10:47.763" endtime="20181205 17:10:49.882" critical="yes"></status>
</test>
<kw name="Close Browser" library="Selenium2Library" type="teardown">
<doc>Closes the current browser.</doc>
<status status="PASS" starttime="20181205 17:10:49.884" endtime="20181205 17:10:53.172"></status>
</kw>
<status status="PASS" starttime="20181205 17:10:43.511" endtime="20181205 17:10:53.172"></status>
</suite>
<statistics>
<total>
<stat pass="1" fail="0">Critical Tests</stat>
<stat pass="1" fail="0">All Tests</stat>
</total>
<tag>
</tag>
<suite>
<stat pass="1" fail="0" id="s1" name="Test Travel Register">Test Travel Register</stat>
</suite>
</statistics>
<errors>
</errors>
</robot>
