<?xml version="1.0" encoding="UTF-8"?>
<robot generator="Robot 3.0.4 (Python 3.6.5 on win32)" generated="20181126 17:27:52.585">
<suite id="s1" name="Test Travel Login" source="C:\Automation\TravelAgency\testcases\Test_Travel_Login.robot">
<kw name="Open Login Page" library="resource" type="setup">
<kw name="Open Browser" library="Selenium2Library">
<doc>Opens a new browser instance to the given ``url``.</doc>
<arguments>
<arg>${LOGIN URL}</arg>
<arg>${BROWSER}</arg>
</arguments>
<msg timestamp="20181126 17:27:53.012" level="INFO">Opening browser 'Chrome' to base url 'http://blazedemo.com/index.php/'.</msg>
<status status="PASS" starttime="20181126 17:27:53.011" endtime="20181126 17:27:57.017"></status>
</kw>
<kw name="Set Selenium Speed" library="Selenium2Library">
<doc>Sets the delay that is waited after each Selenium command.</doc>
<arguments>
<arg>${DELAY}</arg>
</arguments>
<status status="PASS" starttime="20181126 17:27:57.017" endtime="20181126 17:27:57.018"></status>
</kw>
<status status="PASS" starttime="20181126 17:27:53.011" endtime="20181126 17:27:57.018"></status>
</kw>
<test id="s1-t1" name="Case1">
<kw name="Choose Destination City">
<arguments>
<arg>Portland</arg>
<arg>London</arg>
<arg>2</arg>
</arguments>
<kw name="Select Departure City" library="resource">
<arguments>
<arg>${departureCity}</arg>
</arguments>
<kw name="Select From List By Value" library="Selenium2Library">
<doc>Selects options from selection list ``locator`` by ``values``.</doc>
<arguments>
<arg>fromPort</arg>
<arg>${departureCity}</arg>
</arguments>
<msg timestamp="20181126 17:27:57.021" level="INFO">Selecting options from selection list 'fromPort' by value Portland.</msg>
<status status="PASS" starttime="20181126 17:27:57.021" endtime="20181126 17:28:03.162"></status>
</kw>
<status status="PASS" starttime="20181126 17:27:57.020" endtime="20181126 17:28:03.162"></status>
</kw>
<kw name="Select Destination City" library="resource">
<arguments>
<arg>${destinationCity}</arg>
</arguments>
<kw name="Select From List By Value" library="Selenium2Library">
<doc>Selects options from selection list ``locator`` by ``values``.</doc>
<arguments>
<arg>toPort</arg>
<arg>${destinationCity}</arg>
</arguments>
<msg timestamp="20181126 17:28:03.165" level="INFO">Selecting options from selection list 'toPort' by value London.</msg>
<status status="PASS" starttime="20181126 17:28:03.164" endtime="20181126 17:28:09.295"></status>
</kw>
<status status="PASS" starttime="20181126 17:28:03.163" endtime="20181126 17:28:09.296"></status>
</kw>
<kw name="Find Flights" library="resource">
<kw name="Click Element" library="Selenium2Library">
<doc>Click element identified by ``locator``.</doc>
<arguments>
<arg>${findFlights_BTN}</arg>
</arguments>
<msg timestamp="20181126 17:28:09.297" level="INFO">Clicking element '//input[@class="btn btn-primary"]'.</msg>
<status status="PASS" starttime="20181126 17:28:09.297" endtime="20181126 17:28:11.985"></status>
</kw>
<status status="PASS" starttime="20181126 17:28:09.296" endtime="20181126 17:28:11.985"></status>
</kw>
<kw name="Select A Flight" library="resource">
<arguments>
<arg>${flightChoice}</arg>
</arguments>
<kw name="Click Element" library="Selenium2Library">
<doc>Click element identified by ``locator``.</doc>
<arguments>
<arg>//tr[${flightChoice}]/td[1]/input[@class="btn btn-small"]</arg>
</arguments>
<msg timestamp="20181126 17:28:11.987" level="INFO">Clicking element '//tr[2]/td[1]/input[@class="btn btn-small"]'.</msg>
<status status="PASS" starttime="20181126 17:28:11.986" endtime="20181126 17:28:14.739"></status>
</kw>
<status status="PASS" starttime="20181126 17:28:11.986" endtime="20181126 17:28:14.739"></status>
</kw>
<status status="PASS" starttime="20181126 17:27:57.019" endtime="20181126 17:28:14.739"></status>
</kw>
<status status="PASS" starttime="20181126 17:27:57.018" endtime="20181126 17:28:14.740" critical="yes"></status>
</test>
<kw name="Close Browser" library="Selenium2Library" type="teardown">
<doc>Closes the current browser.</doc>
<status status="PASS" starttime="20181126 17:28:14.741" endtime="20181126 17:28:19.110"></status>
</kw>
<status status="PASS" starttime="20181126 17:27:52.596" endtime="20181126 17:28:19.110"></status>
</suite>
<statistics>
<total>
<stat pass="1" fail="0">Critical Tests</stat>
<stat pass="1" fail="0">All Tests</stat>
</total>
<tag>
</tag>
<suite>
<stat pass="1" fail="0" id="s1" name="Test Travel Login">Test Travel Login</stat>
</suite>
</statistics>
<errors>
</errors>
</robot>
